<?xml version="1.0" encoding="UTF-8"?>
<!-- Generated by org.testng.reporters.JUnitReportReporter -->
<testsuite hostname="Admin-PC" name="TestcaseRepository.AmazonLoginTestCase" tests="1" failures="0" timestamp="12 Jan 2021 04:52:08 GMT" time="19.435" errors="0">
  <testcase name="method1" time="19.435" classname="TestcaseRepository.AmazonLoginTestCase"/>
</testsuite> <!-- TestcaseRepository.AmazonLoginTestCase -->
